<?xml version="1.0" encoding="UTF-8"?>
<robot generator="Robot 7.4.2 (Python 3.13.9 on win32)" generated="2026-04-28T18:36:07.477632" rpa="false" schemaversion="5">
<suite id="s1" name="Pet" source="D:\desktop\Api_using_robot\petstore\pet.robot">
<test id="s1-t1" name="Add Pet" line="10">
<kw name="Create Session" owner="RequestsLibrary">
<msg time="2026-04-28T18:36:07.774892" level="INFO">Creating Session using : alias=petapi, url=https://petstore.swagger.io/v2, headers={},                     cookies={}, auth=None, timeout=None, proxies=None, verify=True,                     debug=0 </msg>
<arg>petapi</arg>
<arg>${BASE_URL}</arg>
<arg>verify=True</arg>
<doc>Create Session: create a HTTP session to a server</doc>
<status status="PASS" start="2026-04-28T18:36:07.774029" elapsed="0.001087"/>
</kw>
<kw name="Load Json From File" owner="JSONLibrary">
<msg time="2026-04-28T18:36:07.777260" level="INFO">${payload} = {'id': 55, 'category': {'id': 55, 'name': 'tomatino'}, 'name': 'doggie', 'photoUrls': ['string'], 'tags': [{'id': 55, 'name': 'tomatino'}], 'status': 'available'}</msg>
<var>${payload}</var>
<arg>D:\\desktop\\Api_using_robot\\petstore/../data/add_pet.json</arg>
<doc>Load JSON from file.</doc>
<status status="PASS" start="2026-04-28T18:36:07.776082" elapsed="0.001246"/>
</kw>
<kw name="POST On Session" owner="RequestsLibrary">
<msg time="2026-04-28T18:36:07.835072" level="WARN">Retrying (RetryAdapter(total=2, connect=None, read=None, redirect=None, status=None)) after connection broken by 'NameResolutionError("HTTPSConnection(host='petstore.swagger.io', port=443): Failed to resolve 'petstore.swagger.io' ([Errno 11001] getaddrinfo failed)")': /v2/pet</msg>
<msg time="2026-04-28T18:36:08.075357" level="WARN">Retrying (RetryAdapter(total=1, connect=None, read=None, redirect=None, status=None)) after connection broken by 'NameResolutionError("HTTPSConnection(host='petstore.swagger.io', port=443): Failed to resolve 'petstore.swagger.io' ([Errno 11001] getaddrinfo failed)")': /v2/pet</msg>
<msg time="2026-04-28T18:36:11.516991" level="INFO">POST Request : url=https://petstore.swagger.io/v2/pet 
 path_url=/v2/pet 
 headers={'User-Agent': 'python-requests/2.32.5', 'Accept-Encoding': 'gzip, deflate', 'Accept': '*/*', 'Connection': 'keep-alive', 'Content-Length': '162', 'Content-Type': 'application/json'} 
 body=b'{"id": 55, "category": {"id": 55, "name": "tomatino"}, "name": "doggie", "photoUrls": ["string"], "tags": [{"id": 55, "name": "tomatino"}], "status": "available"}' 
 </msg>
<msg time="2026-04-28T18:36:11.517129" level="INFO">POST Response : url=https://petstore.swagger.io/v2/pet 
 status=200, reason=OK 
 headers={'Date': 'Tue, 28 Apr 2026 13:06:11 GMT', 'Content-Type': 'application/json', 'Transfer-Encoding': 'chunked', 'Connection': 'keep-alive', 'Access-Control-Allow-Origin': '*', 'Access-Control-Allow-Methods': 'GET, POST, DELETE, PUT', 'Access-Control-Allow-Headers': 'Content-Type, api_key, Authorization', 'Server': 'Jetty(9.2.9.v20150224)'} 
 body={"id":55,"category":{"id":55,"name":"tomatino"},"name":"doggie","photoUrls":["string"],"tags":[{"id":55,"name":"tomatino"}],"status":"available"} 
 </msg>
<msg time="2026-04-28T18:36:11.517296" level="INFO">${response} = &lt;Response [200]&gt;</msg>
<var>${response}</var>
<arg>petapi</arg>
<arg>/pet</arg>
<arg>json=${payload}</arg>
<doc>Sends a POST request on a previously created HTTP Session.</doc>
<status status="PASS" start="2026-04-28T18:36:07.777711" elapsed="3.739610"/>
</kw>
<kw name="Should Be Equal As Integers" owner="BuiltIn">
<msg time="2026-04-28T18:36:11.519674" level="INFO">Argument types are:
&lt;class 'int'&gt;
&lt;class 'str'&gt;</msg>
<arg>${response.status_code}</arg>
<arg>200</arg>
<doc>Fails if objects are unequal after converting them to integers.</doc>
<status status="PASS" start="2026-04-28T18:36:11.518163" elapsed="0.001665"/>
</kw>
<kw name="Log To Console" owner="BuiltIn">
<arg>${response.json()}</arg>
<doc>Logs the given message to the console.</doc>
<status status="PASS" start="2026-04-28T18:36:11.520605" elapsed="0.000949"/>
</kw>
<status status="PASS" start="2026-04-28T18:36:07.772858" elapsed="3.749311"/>
</test>
<test id="s1-t2" name="Update Pet" line="22">
<kw name="Create Session" owner="RequestsLibrary">
<msg time="2026-04-28T18:36:11.523946" level="INFO">Creating Session using : alias=petapi, url=https://petstore.swagger.io/v2, headers={},                     cookies={}, auth=None, timeout=None, proxies=None, verify=True,                     debug=0 </msg>
<arg>petapi</arg>
<arg>${BASE_URL}</arg>
<arg>verify=True</arg>
<doc>Create Session: create a HTTP session to a server</doc>
<status status="PASS" start="2026-04-28T18:36:11.523737" elapsed="0.000379"/>
</kw>
<kw name="Load Json From File" owner="JSONLibrary">
<msg time="2026-04-28T18:36:11.525136" level="INFO">${payload} = {'id': 55, 'category': {'id': 55, 'name': 'totoro'}, 'name': 'doggie', 'photoUrls': ['string'], 'tags': [{'id': 55, 'name': 'totoro'}], 'status': 'available'}</msg>
<var>${payload}</var>
<arg>D:\\desktop\\Api_using_robot\\petstore/../data/update_pet.json</arg>
<doc>Load JSON from file.</doc>
<status status="PASS" start="2026-04-28T18:36:11.524625" elapsed="0.000543"/>
</kw>
<kw name="POST On Session" owner="RequestsLibrary">
<msg time="2026-04-28T18:36:12.995934" level="INFO">POST Request : url=https://petstore.swagger.io/v2/pet 
 path_url=/v2/pet 
 headers={'User-Agent': 'python-requests/2.32.5', 'Accept-Encoding': 'gzip, deflate', 'Accept': '*/*', 'Connection': 'keep-alive', 'Content-Length': '158', 'Content-Type': 'application/json'} 
 body=b'{"id": 55, "category": {"id": 55, "name": "totoro"}, "name": "doggie", "photoUrls": ["string"], "tags": [{"id": 55, "name": "totoro"}], "status": "available"}' 
 </msg>
<msg time="2026-04-28T18:36:12.996096" level="INFO">POST Response : url=https://petstore.swagger.io/v2/pet 
 status=200, reason=OK 
 headers={'Date': 'Tue, 28 Apr 2026 13:06:12 GMT', 'Content-Type': 'application/json', 'Transfer-Encoding': 'chunked', 'Connection': 'keep-alive', 'Access-Control-Allow-Origin': '*', 'Access-Control-Allow-Methods': 'GET, POST, DELETE, PUT', 'Access-Control-Allow-Headers': 'Content-Type, api_key, Authorization', 'Server': 'Jetty(9.2.9.v20150224)'} 
 body={"id":55,"category":{"id":55,"name":"totoro"},"name":"doggie","photoUrls":["string"],"tags":[{"id":55,"name":"totoro"}],"status":"available"} 
 </msg>
<msg time="2026-04-28T18:36:12.996305" level="INFO">${response} = &lt;Response [200]&gt;</msg>
<var>${response}</var>
<arg>petapi</arg>
<arg>/pet</arg>
<arg>json=${payload}</arg>
<doc>Sends a POST request on a previously created HTTP Session.</doc>
<status status="PASS" start="2026-04-28T18:36:11.525730" elapsed="1.470609"/>
</kw>
<kw name="Should Be Equal As Integers" owner="BuiltIn">
<msg time="2026-04-28T18:36:12.998180" level="INFO">Argument types are:
&lt;class 'int'&gt;
&lt;class 'str'&gt;</msg>
<arg>${response.status_code}</arg>
<arg>200</arg>
<doc>Fails if objects are unequal after converting them to integers.</doc>
<status status="PASS" start="2026-04-28T18:36:12.997133" elapsed="0.001156"/>
</kw>
<kw name="Set Variable" owner="BuiltIn">
<msg time="2026-04-28T18:36:12.999689" level="INFO">${body} = {'id': 55, 'category': {'id': 55, 'name': 'totoro'}, 'name': 'doggie', 'photoUrls': ['string'], 'tags': [{'id': 55, 'name': 'totoro'}], 'status': 'available'}</msg>
<var>${body}</var>
<arg>${response.json()}</arg>
<doc>Returns the given values which can then be assigned to a variables.</doc>
<status status="PASS" start="2026-04-28T18:36:12.998757" elapsed="0.000976"/>
</kw>
<kw name="Set Suite Variable" owner="BuiltIn">
<msg time="2026-04-28T18:36:13.001455" level="INFO">${Pet_id} = 55</msg>
<arg>${Pet_id}</arg>
<arg>${body}[id]</arg>
<doc>Makes a variable available everywhere within the scope of the current suite.</doc>
<status status="PASS" start="2026-04-28T18:36:13.000196" elapsed="0.001382"/>
</kw>
<kw name="Log To Console" owner="BuiltIn">
<arg>${response.json()}</arg>
<doc>Logs the given message to the console.</doc>
<status status="PASS" start="2026-04-28T18:36:13.001965" elapsed="0.001001"/>
</kw>
<kw name="Log To Console" owner="BuiltIn">
<arg>${Pet_id}</arg>
<doc>Logs the given message to the console.</doc>
<status status="PASS" start="2026-04-28T18:36:13.003733" elapsed="0.000840"/>
</kw>
<status status="PASS" start="2026-04-28T18:36:11.523209" elapsed="1.481697"/>
</test>
<test id="s1-t3" name="Find Pet by Pet Id" line="34">
<kw name="Create Session" owner="RequestsLibrary">
<msg time="2026-04-28T18:36:13.007856" level="INFO">Creating Session using : alias=petapi, url=https://petstore.swagger.io/v2, headers={},                     cookies={}, auth=None, timeout=None, proxies=None, verify=True,                     debug=0 </msg>
<arg>petapi</arg>
<arg>${BASE_URL}</arg>
<arg>verify=True</arg>
<doc>Create Session: create a HTTP session to a server</doc>
<status status="PASS" start="2026-04-28T18:36:13.006560" elapsed="0.001562"/>
</kw>
<kw name="Load Json From File" owner="JSONLibrary">
<msg time="2026-04-28T18:36:13.009603" level="INFO">${payload} = {'id': 55, 'category': {'id': 55, 'name': 'tomatino'}, 'name': 'doggie', 'photoUrls': ['string'], 'tags': [{'id': 55, 'name': 'tomatino'}], 'status': 'available'}</msg>
<var>${payload}</var>
<arg>D:\\desktop\\Api_using_robot\\petstore/../data/add_pet.json</arg>
<doc>Load JSON from file.</doc>
<status status="PASS" start="2026-04-28T18:36:13.008662" elapsed="0.001000"/>
</kw>
<kw name="GET On Session" owner="RequestsLibrary">
<msg time="2026-04-28T18:36:16.739284" level="INFO">GET Request : url=https://petstore.swagger.io/v2/pet/55 
 path_url=/v2/pet/55 
 headers={'User-Agent': 'python-requests/2.32.5', 'Accept-Encoding': 'gzip, deflate', 'Accept': '*/*', 'Connection': 'keep-alive', 'Content-Length': '162', 'Content-Type': 'application/json'} 
 body=b'{"id": 55, "category": {"id": 55, "name": "tomatino"}, "name": "doggie", "photoUrls": ["string"], "tags": [{"id": 55, "name": "tomatino"}], "status": "available"}' 
 </msg>
<msg time="2026-04-28T18:36:16.739468" level="INFO">GET Response : url=https://petstore.swagger.io/v2/pet/55 
 status=200, reason=OK 
 headers={'Date': 'Tue, 28 Apr 2026 13:06:15 GMT', 'Content-Type': 'application/json', 'Transfer-Encoding': 'chunked', 'Connection': 'close', 'Access-Control-Allow-Origin': '*', 'Access-Control-Allow-Methods': 'GET, POST, DELETE, PUT', 'Access-Control-Allow-Headers': 'Content-Type, api_key, Authorization', 'Server': 'Jetty(9.2.9.v20150224)'} 
 body={"id":55,"category":{"id":55,"name":"totoro"},"name":"doggie","photoUrls":["string"],"tags":[{"id":55,"name":"totoro"}],"status":"available"} 
 </msg>
<msg time="2026-04-28T18:36:16.739766" level="INFO">${response} = &lt;Response [200]&gt;</msg>
<var>${response}</var>
<arg>petapi</arg>
<arg>/pet/${Pet_id}</arg>
<arg>json=${payload}</arg>
<doc>Sends a GET request on a previously created HTTP Session.</doc>
<status status="PASS" start="2026-04-28T18:36:13.010150" elapsed="3.729643"/>
</kw>
<kw name="Log To Console" owner="BuiltIn">
<arg>${response.status_code}</arg>
<doc>Logs the given message to the console.</doc>
<status status="PASS" start="2026-04-28T18:36:16.740402" elapsed="0.000825"/>
</kw>
<kw name="Log To Console" owner="BuiltIn">
<arg>${response.json()}</arg>
<doc>Logs the given message to the console.</doc>
<status status="PASS" start="2026-04-28T18:36:16.741808" elapsed="0.001626"/>
</kw>
<status status="PASS" start="2026-04-28T18:36:13.005912" elapsed="3.738134"/>
</test>
<test id="s1-t4" name="Query Parameter" line="45">
<kw name="Create Session" owner="RequestsLibrary">
<msg time="2026-04-28T18:36:16.745645" level="INFO">Creating Session using : alias=petapi, url=https://petstore.swagger.io/v2, headers={},                     cookies={}, auth=None, timeout=None, proxies=None, verify=True,                     debug=0 </msg>
<arg>petapi</arg>
<arg>${BASE_URL}</arg>
<arg>verify=True</arg>
<doc>Create Session: create a HTTP session to a server</doc>
<status status="PASS" start="2026-04-28T18:36:16.745413" elapsed="0.000395"/>
</kw>
<kw name="Create Dictionary" owner="BuiltIn">
<msg time="2026-04-28T18:36:16.746853" level="INFO">${qp} = {'status': 'available'}</msg>
<var>${qp}</var>
<arg>status=available</arg>
<doc>Creates and returns a dictionary based on the given ``items``.</doc>
<status status="PASS" start="2026-04-28T18:36:16.746280" elapsed="0.000605"/>
</kw>
<kw name="Load Json From File" owner="JSONLibrary">
<msg time="2026-04-28T18:36:16.748303" level="INFO">${payload} = {'id': 55, 'category': {'id': 55, 'name': 'tomatino'}, 'name': 'doggie', 'photoUrls': ['string'], 'tags': [{'id': 55, 'name': 'tomatino'}], 'status': 'available'}</msg>
<var>${payload}</var>
<arg>D:\\desktop\\Api_using_robot\\petstore/../data/add_pet.json</arg>
<doc>Load JSON from file.</doc>
<status status="PASS" start="2026-04-28T18:36:16.747633" elapsed="0.000709"/>
</kw>
<kw name="POST On Session" owner="RequestsLibrary">
<msg time="2026-04-28T18:36:20.795460" level="INFO">POST Request : url=https://petstore.swagger.io/v2/pet?status=available 
 path_url=/v2/pet?status=available 
 headers={'User-Agent': 'python-requests/2.32.5', 'Accept-Encoding': 'gzip, deflate', 'Accept': '*/*', 'Connection': 'keep-alive', 'Content-Length': '162', 'Content-Type': 'application/json'} 
 body=b'{"id": 55, "category": {"id": 55, "name": "tomatino"}, "name": "doggie", "photoUrls": ["string"], "tags": [{"id": 55, "name": "tomatino"}], "status": "available"}' 
 </msg>
<msg time="2026-04-28T18:36:20.795628" level="INFO">POST Response : url=https://petstore.swagger.io/v2/pet?status=available 
 status=200, reason=OK 
 headers={'Date': 'Tue, 28 Apr 2026 13:06:19 GMT', 'Content-Type': 'application/json', 'Transfer-Encoding': 'chunked', 'Connection': 'keep-alive', 'Access-Control-Allow-Origin': '*', 'Access-Control-Allow-Methods': 'GET, POST, DELETE, PUT', 'Access-Control-Allow-Headers': 'Content-Type, api_key, Authorization', 'Server': 'Jetty(9.2.9.v20150224)'} 
 body={"id":55,"category":{"id":55,"name":"tomatino"},"name":"doggie","photoUrls":["string"],"tags":[{"id":55,"name":"tomatino"}],"status":"available"} 
 </msg>
<msg time="2026-04-28T18:36:20.795900" level="INFO">${response} = &lt;Response [200]&gt;</msg>
<var>${response}</var>
<arg>petapi</arg>
<arg>/pet</arg>
<arg>json=${payload}</arg>
<arg>params=${qp}</arg>
<doc>Sends a POST request on a previously created HTTP Session.</doc>
<status status="PASS" start="2026-04-28T18:36:16.748919" elapsed="4.047038"/>
</kw>
<kw name="Should Be Equal As Integers" owner="BuiltIn">
<msg time="2026-04-28T18:36:20.798800" level="INFO">Argument types are:
&lt;class 'int'&gt;
&lt;class 'str'&gt;</msg>
<arg>${response.status_code}</arg>
<arg>200</arg>
<doc>Fails if objects are unequal after converting them to integers.</doc>
<status status="PASS" start="2026-04-28T18:36:20.797484" elapsed="0.001442"/>
</kw>
<kw name="Log To Console" owner="BuiltIn">
<arg>${response.json()}</arg>
<doc>Logs the given message to the console.</doc>
<status status="PASS" start="2026-04-28T18:36:20.800147" elapsed="0.001676"/>
</kw>
<status status="PASS" start="2026-04-28T18:36:16.744882" elapsed="4.058161"/>
</test>
<test id="s1-t5" name="Upload an Image" line="60">
<kw name="Create Session" owner="RequestsLibrary">
<msg time="2026-04-28T18:36:20.807404" level="INFO">Creating Session using : alias=petapi, url=https://petstore.swagger.io/v2, headers={},                     cookies={}, auth=None, timeout=None, proxies=None, verify=True,                     debug=0 </msg>
<arg>petapi</arg>
<arg>${BASE_URL}</arg>
<arg>verify=True</arg>
<doc>Create Session: create a HTTP session to a server</doc>
<status status="PASS" start="2026-04-28T18:36:20.806907" elapsed="0.000901"/>
</kw>
<kw name="Create Dictionary" owner="BuiltIn">
<msg time="2026-04-28T18:36:20.809384" level="INFO">${form_data} = {'additionalMetadata': "Tomatino's img"}</msg>
<var>${form_data}</var>
<arg>additionalMetadata=Tomatino's img</arg>
<doc>Creates and returns a dictionary based on the given ``items``.</doc>
<status status="PASS" start="2026-04-28T18:36:20.808676" elapsed="0.000768"/>
</kw>
<kw name="Set Variable" owner="BuiltIn">
<msg time="2026-04-28T18:36:20.810900" level="INFO">${file_path} = D:\desktop\Api_using_robot\petstore/../data/tomatino.jpg</msg>
<var>${file_path}</var>
<arg>D:\\desktop\\Api_using_robot\\petstore/../data/tomatino.jpg</arg>
<doc>Returns the given values which can then be assigned to a variables.</doc>
<status status="PASS" start="2026-04-28T18:36:20.810240" elapsed="0.000727"/>
</kw>
<kw name="Evaluate" owner="BuiltIn">
<msg time="2026-04-28T18:36:20.816643" level="INFO">${file} = {'file': &lt;_io.BufferedReader name='D:\\desktop\\Api_using_robot\\petstore/../data/tomatino.jpg'&gt;}</msg>
<var>${file}</var>
<arg>{'file': open($file_path,'rb')}</arg>
<doc>Evaluates the given expression in Python and returns the result.</doc>
<status status="PASS" start="2026-04-28T18:36:20.811650" elapsed="0.005069"/>
</kw>
<kw name="POST On Session" owner="RequestsLibrary">
<msg time="2026-04-28T18:36:23.668040" level="INFO">POST Request : url=https://petstore.swagger.io/v2/pet/55/uploadImage 
 path_url=/v2/pet/55/uploadImage 
 headers={'User-Agent': 'python-requests/2.32.5', 'Accept-Encoding': 'gzip, deflate', 'Accept': '*/*', 'Connection': 'keep-alive', 'Content-Length': '49836', 'Content-Type': 'multipart/form-data; boundary=0dad03dab5feec62677a211c2d399e98'} 
 body=b'--0dad03dab5feec62677a211c2d399e98\r\nContent-Disposition: form-data; name="additionalMetadata"\r\n\r\nTomatino\'s img\r\n--0dad03dab5feec62677a211c2d399e98\r\nContent-Disposition: form-data; name="file"; filename="tomatino.jpg"\r\n\r\n\xff\xd8\xff\xe0\x00\x10JFIF\x00\x01\x01\x01\x00H\x00H\x00\x00\xff\xe1\x00bExif\x00\x00MM\x00*\x00\x00\x00\x08\x00\x05\x01\x12\x00\x03\x00\x00\x00\x01\x00\x01\x00\x00\x01\x1a\x00\x05\x00\x00\x00\x01\x00\x00\x00J\x01\x1b\x00\x05\x00\x00\x00\x01\x00\x00\x00R\x01(\x00\x03\x00\x00\x00\x01\x00\x02\x00\x00\x02\x13\x00\x03\x00\x00\x00\x01\x00\x01\x00\x00\x00\x00\x00\x00\x00\x00\x00H\x00\x00\x00\x01\x00\x00\x00H\x00\x00\x00\x01\xff\xdb\x00C\x00\x06\x04\x05\x06\x05\x04\x06\x06\x05\x06\x07\x07\x06\x08\n\x10\n\n\t\t\n\x14\x0e\x0f\x0c\x10\x17\x14\x18\x18\x17\x14\x16\x16\x1a\x1d%\x1f\x1a\x1b#\x1c\x16\x16 , #&amp;\')*)\x19\x1f-0-(0%()(\xff\xdb\x00C\x01\x07\x07\x07\n\x08\n\x13\n\n\x13(\x1a\x16\x1a((((((((((((((((((((((((((((((((((((((((((((((((((\xff\xc2\x00\x11\x08\x01\x9e\x02\xe0\x03\x01"\x00\x02\x11\x01\x03\x11\x01\xff\xc4\x00\x1b\x00\x00\x02\x03\x01\x01\x01\x00\x00\x00\x00\x00\x00\x00\x00\x00\x00\x00\x03\x01\x02\x04\x05\x06\x07\xff\xc4\x00\x1a\x01\x00\x02\x03\x01\x01\x00\x00\x00\x00\x00\x00\x00\x00\x00\x00\x00\x00\x01\x02\x03\x04\x05\x06\xff\xda\x00\x0c\x03\x01\x00\x02\x10\x03\x10\x00\x00\x01\xf5 u9\xe0\x00\x00\x00\x00\x00\x00\x00\x00\x00\x00\x00\x00\x00\x15\x07aS\x1b\x1b\x11\x9dOTV\xc12\xa6&amp;E\x87\n\x93\x13\xac\x00\x88\x00\x00\x00\x00\x05\x9c\x9era\x80\x02\x00\x00\x00\x00\x00\x00\t\x81\x80\x08\x00\x00\x00\x00\x00\x90\x89\x01\x80"\t\x19\x00\x08\t\x1c\x13\x02\x00\x00\x08\xcc\x10\xf6\x008\x00\x00\x00\x00\x01\x13\x8d\xc3M\xf20\x8b\xa7\x1b\x81\xc0+@\x00\x00\x00\x00\xb4Dn\x95\x95S\xa4\x10\xa6^j\x9cC\x96\x15\x01\x85\xe8\x05\x9a\x81\x1a\xed\x97RT/Ks\x008\x01p\xa10\x1dKe\x9cz3,5\xd2\x00\xe2\x00\x01 \xe0\x90"@\x02D\xe2,\n\xa4\xcb*L\x00H\x00\x08"kZ\xb9\\\x11\x8e\xebs:\r\\\x0bl$\x06\x00\x15-X\xd9Q/N\xb6\x95\xc6w\x94\xd5\xad\x00[\x98\x00\x00\x00Sj\xd6G\xa2\xcf-_yV\xd8\x05p\x00\x11*$\xd9\xcd0\xba\xc5!Y5\x96Qz\xa6\xeb\x92\x90\xb5\xb5DtmK\xe5\x9d\x1aUV\x13d3!j\xe9\xb0\xbd%\x9b`\x98\x14\x80\xbf\x1e\xed\xfc\xbaf\xb9\xf96tE\xc0:\x9c\xbb\xeb\x00\x94@\x90\x00L\x05\x0e\xe6po\x9c\xf0\x1a\xac\x86\n\xe2\xd6\x1a)\x95M\xf4\xa3.\x84\xacL\x00BA\xf4\xadc\x1e%\xf3_\x1e=\xd9V\x81\xfaW\xf1z\x9a\xf5&lt;\xce\xd9\xce\xe4H\x0b`\x9a\x1d#Y\xd6\xfet-d+\xa1:\xdc\x03\x80\x00\x00\x00\xa6\x8dc\x9b1\xe6\xb5\xc2:H]I\x8b\x99\'!0\xba-4\x8b\x9a\xe9\x84\xf3\xc3(J$\x00\x02Q\xd3e/\x8fB\xb3u\xb3C2\xb7f%\'\xe5\xb5zw\x13\x05\xda6]M\x83\xa1x\x9d4\x02\xca\'\xa3\xcd!&gt;\xb7.\xa0\x85\xdb=\x8bE\xb1U=\x86\x16\x03\xabJ\x8e\xe5l\x04\xc4\n\xe2\x14\x0e\x9cR\xdd\xea\xa9m\xcc\xcc\xc0\xe8\xc6!-b\\\x11u\xae\xba\xf1\xf2{P\xcc\x89\xef.\x9a\xa6\xb0h\xd5}\x19\x18\xd3\xdd\x81\xa8\xdag\xba\x8bC8&gt;\x14\xd6\x80\x04\x00\x00\x00\x00\x00\x00\x00\x04J\xc6\xba\x12Y22\xbb\xa0\xb2\x91!bMC\xea\x98\x86)\xa9 d\x80\x05m4V\xc4\xb2\xae\x8c7\xd0H\x00\xb3`@&amp;\xeb\xc3\xae.\xfbqv\xea\x8a2t\xd3\n\xf8\xba3\xf55T\xf4W\x9b\x9e\xd4e+\xb6\x12\xb1,d&amp;\xc3l\xaa\xc2\xbb\xac\xfa\xded\xbf;"SY\xa6&amp;h\xc9\x8a\x8e\x97\xca.KE\xd3\xa23\xb4.\x83p\xbdi\xe3\xad\t\x0c\xba\x84j(\x05\xe74\x8bH\x8a#U\xf10:J\xce\xd4\xa5\x8b\x19\xb0\x05X\x00\x00\x00\x00\x00\x00\x00\x19_\x99\xcc\xbdm\x0bl\x11\x0b\x00\x14\xa4\x88d\xc05\x01\x00\xed\xb8\xa7\x97U\xaf\x89\x94\xe5b\x18\xbe\xae\xa0\x0bm"`\x00\x00\x98\x01\xdaqj\x8b\xb7G\x9a:;\xdc\xcc\x90\xa01e\xd0\x9co\xc4\xe7H\x14\xdd\x90%\x96\x17\xa4k\xd5\x8bz4?\x9dJ\xdb\xb3\xde\x93JTVj\xeb*\xc6M\x18c\xabS$\xb4J\x96\xb4k\x11e-\x0c\xc9#\xbc\x10(!-\xe8\xaad\x1be=\x1d\x95*2]\x96\x9dN%\xf5\xf5\xa3\x9d\xa6Q\xd9P"\xdd\x0ba\x00\x04\x80\x00\x00\x00\x00\xa5\xd2:R\xd2Z\x16\x8a\xee\xd7\x93~:\xdd"bL\x01\x84M@\x01\xa2\xd5\x9a\xeb\x9c\xba\x07\\\xc1\x13\xd10\x00LK\x84\x009"\xe8\xbbWh\xd9i\x81\x17\x8a\x8e313\xa5xva\x9cT\x86\xe7\x9b\x8d\x19\xe5\x1b\xa6\x9ah\xb7\x02\xe1\xb7UX\xda\xb4fMWdJ\x91"\xd0]\x13h\xb1\x92\x89\xd2\xa2\xea9w-\xb5\x96\x03en\x8c\xafS\xbb\tp\xb7\xb5\xb0\x96\x1e_c\x8fde\x89\xb4\xe3\xafO6!(\x9d\xbb\x12\xe5\xf59\x96k\xb5\x9a)[\xdc\xcc\x9a\xe7P\x01\x10\x00\x01\xc9\xc2\xae\xb1\xca[jt\xe6*\xc9-\x99f\xf0\x98\x87\xd1\xb4\xbat\xa1(\xdb\x95\x02\x9c\xa9\x1ap\xea\xc4\xd5\xa2\t\x96*\x01\x00\x16\xb2\xee9\x01F\t\x05\r\xad\x87y\x89\x8c\xee/\x14\xa1\xd1\x10\xe8\xb2j\x0cS!\x9c\xec=nE\xd4DVg\x0e\x84\xf3m\\\xf4\x08\'\x1e\x9ce\xc7\\\xa2\x02\xf8\x04X\x0b\xcc"[[\xa1Jz\x99I\x06\xa6\xeb\xdd\x19u\xfa\\\xfev=\x19\xbb\x18\xbdc\x87\x87\xc5\xbf\x06\xa8I\x04\x95\x9a\xa6\x05\xe1\x97Kw[\x83\x97-\xb7Pi\xab\xb9\x87&gt;\xdag^\x87/|\xeb\xd0\x12\xa1R\xd0\xc8\x98\x00E\xedD\xb5\xc3\xab\x93_%\xb8in~\xd2\xb4\xe7\xb2\xfa\xd8fM\x8a\xd4\x88 \xb6+F\xbc\xf9\x96\xd5\xcaI\x86\xd5\xaa\x04H\x02Z\xa96\n4\x94\xeb,\x94\xa2\xc0\x88-.1h\x14y|\x8fS\xe1\xf6\xe1\xe9z\x0f1\xbc\x9fn\xd8z\x19\xf4\xc8EW\xc7\x1b\xb3\x8au\xf2\xba\\\xff\x00N\xa3\xe6k1\xa2\xabQ\xd7\x0c\xb5\xb5\x1a \x06^{\xd84s+\xe9tr\xb4\xf9\x1a\xfa?=\xd8\xc7@6R\xa9p\x1d\x06e\xeag\xb7\x87\xbb\xa7\x92/e|\xf5\xa4\xb3\xd2\xf3\xa2\xbaM\xe0p\xca\xca\'n\x1b\x91\xd3\x99\xf6O\x1d\x8a\xb2\xfb\xb0l\x88i\xc9\xb9-7\x89\x8a\x00\n\x80\xd2\xb9\xfd|\x14\xca\x82\xf4T\xd7\x9f\xa1R\xc7\x90\x17Rq\xb7\x9f\xddr\xe6%SX\x97\xf49\x17\xcb\xaf\x18\x01\x12`\x01P\x89)\x82Y\x13\x12\x8b\x809\x98jS \x88\x98\x08\'\x9b\xb7\x93\xa7"utu\x96q\xfa\xebl,\x88\x98\xaa\xe8S\x94\xe3\x83.\x9c\x17\xd16\x8bN\x15\n\x8e\xca\xbc\n\xba\xf3_\x0e\xce\x8f[\x8f\xbf\xca\xf5\xfa\xc5\x10\xa8\xd1\xc2\xe9s\xb5G\x95$z\xfe-\xe6%\x17\xd6\x9bD]vsT\xab\x13\x16D\x9a\xd8`@L\xc0\x12\xca\\R\x12\x85\x17\xb8\xa5\xe9\xd0\x83n}pn\x02(\x00*\x04\x95\xa9}4\xdf\xcd^\xa6V\xb1\xa3R\xd1.\x88\x95\x95\x9b3/G\x1e\x8b\xc5s\xa5&amp;7a kI\x8d9\x87\x01V\x10\x01i\xac\xb52Y\x84\x97\x14^,\xab\xe3\xe4\xd7\xc3\xdb\x87\xd3m\xf3\x9dJtn\x94&gt;\xad\x00\x11\x91h\xba\x17W)\x91F\xa5\xc7\x85\x17V\x9c\xd7\x85\x8d6\x17`\xb5-@\x9bQ\x81\xa5\xa9\xd1\xc8\xdd\xdd\x9e=y\x1a\xb7\xf0\x9f^\xbe&lt;\xb2\xca\xf5\xf1\x13v"\x18\xca\')l\x0b"\xf4\xe7\x93\x82$v\xb5\xe5%L\xd8!\x83\x08\xa4\xd1\x00\x81\xb4N\xedM\xb0\xec\xd5\xa7+\xb5d\xd71)\x110\xc8\x98\x96L\xc1]\xc5m\t\xc9\x0b\x84\xe6\x84\x13/HR\xd6\x84\xdf5\x91\xb22h\xa6\x8eA)5$\x01\x040\x00&amp;bBoF5i\xa4\x8aX\xab\x90\xc9\x92\xe9\xd3\x93\x91\xdc\xe9\xd4\x9d\xad[g\xd4\x05\x93\x92\x8d@\x98\x91\xdb%\xb8\xb6\xd3J\x11}3\x120\x80\x0bL9+\xb2D\x89\x80\x16\xbb\x0cl\xc4\xa4LHN\xfey]\xbd\x9c\xfc]\x90\xd13Y\xbb\x12R\xd8r\xcd-\xab-z\xca/h\x84\xac\xe4\xb4P\x00Ow\x0f_\xce\xef\xc7L\x9b|\xaf[\x9d\x9fg?\xb6u\x9b\x9fG\xac\xf3\x92\x10\xd4I*`\x11\xb2\r\x99+\x95V\xca\xb9\xae\xd1)\xd6\xb6\xa8\xe0\xac\r\xab!\xd75\x89%\x10C\t\xad\xd4\x89%2H\x14\xd9cW+I&amp;]vi\xd7\xcbdh\xa5n\x9cMd&amp;\xd4\x02\xd0\xfa!%\xd5\x93V,\x1d\x04t\xf9\xbc\xe8kl\x86k\xd1\xc2U\x9b`\xa3\x1fT\xa0\x00\x00\n\x8d\xb0\x97\x17\x80\x89e\x11\xa3\xa5\x8bu\x13\xa6-\x9c\xe6,\x95]\x1a\x101\xb6\xa3P\xab\xde\xc8]\xe2\x05z\xda\xa2\x88\x06\xed\xd6\xe2\xab\x9d\xabf\x9e}8\x9dm\xa8\xb6\xbe\xe75\xae\x89\xd7\x88\x89\x86I\x13\x1b@\x88\xce\x02#8\x80\x18\xec\xe6{\xdc\x84Dle\t\xd3A\x13\x12\xae\xec\xcf\tD\x92\xc8\xb8)\x81D\xedZ\x0c\x99\x82J`\xb0\xa6\xd05 \x04\xda\xb0\'Z\x8e\x8c\xab\x17\x80\x8b\x92\x88\xac\xad\xc72\xde\xabj\xcc\xbd\x0b\x91\xce\xd3\r\x9dV\xbc\xd9F%\x97F\x13Z\x19KM\x81\xb7\x08\xa4Y\x83"\xd5Z{]\x8e\xd5J\xfc\xed\x19\xac\x8d\xeaL\xca/EAmc\x038\xd5\x010\x05\xa2$\x02j\x02\xee\x01\x13\x01}9\x9b\x17\xd1\xbe}\x10\x08\x98dZ\xb29\xad\xa2\xad\x11\x13\x11\x9cR\xf5\x1e)\xd8\xae\x7fK5\xb6\xd5\t\x87\xafv\x15\x81m1\x13-E\x81\x16\x82#lV\xcb`C\xc4\xad8\xf6\n\x8ef(\xbe\xc1\xcd\xa0\x975.T\xa9Ia\xd2\xcc\xd4O\xa0\xdc\x9a\xe1\xa4\x8b\x8at\x8a\xaet\x8bt\x86UnKy\xab\xb2e\x14]\x94uD\x90)\x98\xb8D5c\xacL\x08"\xcc\x84h\xce\x1a\xc4\xae\xb7J\xc9hLH\x13\x12\x0f\x9a\xd9$U\xebmv\x98\x08\x99\x02\x02\x02+4d\xca\xee;9N\x8b\xdc\xfc\xfa \x8a\xcc4\x00\x04\xc4\xa9\x11h\xa7Mkpy\xd1\xad\xd96\xae\x9bo\\y\x0cj5\xd2\xb9\x0bk\t\x06A\x02\x9aZ\x84\x8d\x19w\xa3krs\xaa\r9=3\\\x8c\x1d\x9e,\x89*X^*2\xc8\xb2\xe7\x8d\xc5\x1c\x0e\xd1\x9bUz\xad\x12!\x14\xd3\x12\x82\xcb,\x8b\x10\xf42Y\x12(K\xe8\xe2\x90\x99\xd5\x0c$e-@\x88\xb5E\x13\x12\xc8\xcb\xad \xb1\xcbn\x84\x816\xac\x84L\x00\xc6\xa1\xc9K\xd1\xa6\xa9[\xba\xbe\x96\x1d&lt;\xdf/\xea\xb1[\x1f=K\xd7~uV\xf5n\xb6\xa4\x8fCP\xf8\x9b\xb4-\x90Q\x16\xab@\x02\x00\t\x9a\x8a\xcbDLg\\{\xa9U\xab\x89\xbdw*\xad\xa6\x9c\x94$\x8d\xd5&amp;T\xa9\x17\xa2qKj\x0b*H\x8bu4!\xbb\xf8\xf6\x8aNR-a\x16\x90\x104V\xc1\n\xbd\x8c"\xc6\xc1\x19\xda\x00Q\x04\x0emQ\x10\xa6\xd2P\x80%\x11-C\x85mRu8\xad\x93\xa5Y\x0c\xadf\x05\x16\xab\x19@\x00\x0b#,=\x12qz\xd8+5\x90u\xe3\xabS\xe5\xea\xf4\\\x0c\xf6\xb7\xa7\xe64T\xbb\x1c\\\xae\xbe\xbc\xf1\xb6\x9aL\x08\xdd\x8edA\r\xe8ru\xd6\xf6\xbe\xb6\x84J\xccI\x00\x08\x00\x16_\x7f?\xa3\x84\xcd\xa7f2`\xb2\xaa\xb2\xb1\x19UQb\xc2&amp;cmFR\x13\xa2\xda\xb2H\x9b)\x9bz&lt;\x0b\xc4\xeab\xb6tD\xc4M\xc0@Zk-\x10HE\x8f=\x0b\xfbYu\xd2\x9e\xa7?\xd0rz*=)\xa4\xe8\xe2\x90\rLD"\xc4\x014\xb4J\x15\xad\x89W\x9alYE\x82\xeaT\xbdk\t\xd64\xd1\xa4L\x16VLi\x8c\xbb{\xf2/\x8d\xd4\xc9\xe7\xbdG\x9b\xdd\x9dV\xac\xee\xc5\x00\xc0\xd3\xd8\xe1\x19g\xeax\x98\xeb\x02\xd6\xbfZ\xe5\xc7\x8fM\xe6\xd4\x96g.\x83\xf2j\xce\xa6\xbc\xcd\xde\xda\xa9\xd1\xe3\xc1\xf7[\x87qTD\xc4\x90\x19k\xb3P\x9d\xb5[\x82\xce\x01l[\xc2\x80i\xca\x00\x08"U\xe4\x91\x19\xbdP\xca.\xcd\x1a\x10J\xb5dN94"\xb2ZW\x10\x9cD\x81\x01\x0c\x9c\xb6\xa5[\xb2\xeen\x88i8\x1d\x9d\xb6s\xf0/\xb1\x11\xd1\xe7\xbd\x149\x15\x9bV\xdetE\xaa\x10@\x99\x04\x12\xb4\xd2\xce3\x12\x99\xd2B\x8bs\xba\xd5"\xe1\x95\x85;\xe7Q\x196\xd36\xd1M\x993\xd3\xaf\xd3\xb3\x95NgWG\x0b\xab\xcc\xdd\x89v\x89\xdb\xcd\x82,\x0f&amp;\x12\t\x80n\xfemh\x9f[\x91E2\xebn[\x96\xa8\xcf\x04\x90\xe5\xc4\x8d\xd4|V\xf6\xe9[\x14"&amp;\x1aU\xd5NwG\xab\x93\x1bptl\xc8\xb7w\x80\xa1\xa5\x17\x85/\xa70\x03\x8d\x12\xd5\x13\xb9KF\xcd;\xf9:9\xbb\xfa&lt;\xbaR\x9dB\xaf^\x8f9(zmAhN\x00\x03\x89\xdb\xc9\r8:\xca\xd1WG\x91\xe8rhC^\x95\xdb\xcb\xd3\x91\x19\xa1\xabgS\x89\xb9\xc7uf\xb6s\xca\x88\x84\xdb\\\xef\xc1\xa6@\xe8\xe7\xb4\xc2\xdc*\x9d9n\xca\xe4\xb5R\x8e\x92\x92\x95\xac\x87\r\x95`\x8c\xd6h\xd52t\x0c\xdb\xb3\xeb_K\'W\x8d\x8fJ:&lt;B\x97\xad\xd9\xebj\x81\xa4U\xd2\xbc.\xa3z)pU\xe9\xbe3\xc4\xaat\x1b\xc1\xa1\x99\x82\x9a\xf2\xe8\x15z\x19zJ6\x90\x89\x111$\x00 \x00\x00\x02\x97Ll\x87\xf3wU\xa1\x80_\x8e(\xbc\xd1\xb7L\xbaF\x8bZah\x8e\xc6^WI\xf9\x94\x80\xa2[=L5\xcf\xa51(Z&amp;A`\x0b\x9264\xb4C\x9d\xd2#?=\xa3\xb0\xb8n\xe3v\xe9r\xb6\xd5u\xb3\x0b1\xe9VM\x1b\x9d\xcb\xeap\xb4\xe3\xac\xcf\xa6\xc1\x08~K\xf3\xe9\xc9\xa74\xaa\xbd\xd2J,\xa1d\xa8\xc6\xaf8\xe7\xe3\xd56\xc5\xb1v\x0fnK\xe4\xe8\xf9\xff\x00A\x83\xa7N\xfc\xf8\xf6\xab\xa1\xc1\xcbI\xa5\x8a\x90\xe4\xe3\xddJev\x1e\xbe\xad8\xfa\x16\xd2\x96)\xaa\xba\xab_/f\x0b\x8b5\xe3\x92n\xc9\xb4\xe8\x89\xad\xd4eh\x00"&amp;$\x80\x04\x00\x00\x00\xbc/N.\xbd\xa9R3\xe8\xde\x97\xdd\xc8\xc5\xc8\xf4\\\xba5v\x05\xb2\xcaJ\xd8$\xba\xba\xb96\xab&gt;\xccv\xd3*\xd5\x15\xb8\xc2\xfc&lt;\xfa\xfaIu:n"b\xd7/K\x93\xb5\xd5t\xec\xb9\\e\x12\x9bU\xa1\x94\x9a\x8a\xd2\x96\xce\xbb;4a\x9e\xee\xb7\'O&gt;\xccV\x88\xf4\x9c\xf8\xcd\xab-w\xca\xdd\x17P\x82\xe5\xb9\xd3\xc8\xeb\xf13sY\xdaM\xf2.\x9a\xda\x89\xf4[eh\xde\xaf\x15\xbe]y4\xde\xa9\xe4\x8b7Vnu\xf5#\x1fAL\xe7o\xe4t8z\xebj\xf761;A^\xb7;\xad~&gt;}\xd0\xfbUcZ\xf7\xf1\x91\xba\xbb\xee\xcd\x9fT\x91\x88\x00\x05F\x80\x1a\x00\x00\x89LF\xact\xdd\xce\xd2\xcc\xb9z\xf9:&lt;\xefM]\x99\x1e\x1d\x1e\x1a\xf9\x17\xe8S\xa3T`\x88\xc7\xa3\x136\xc6\x99t\xd6\x9d\xacN\x84\xc2\x84\xed\xc6\xac\xf6f]5\xe3\xa1\x94nn\xf3t\xd2[c\xf2\xeb\xaa\xd3=\xa6\x0e\xb0\x16GN\'+\x17J\x1e\xab\xd9J.\xbd\x16WK0\xbb#S1\x8a\xcb\xa7^}e\xb3\xb5y\xf7\x91\x11eW\xb4*\xdc\xef\x9a\x97s\x0b\xd7L\x15S\xadM\x8d\x8bX\x8a\xd8N\x85\xe1\xac\xfa\xf2\xdf&amp;\xd5\xe7\xd1\x8b\x9b\xdb\xd1\x9fF[\xea\xad Ve\xd1VN\xc6h\xa4\x99\xf3\xb1\xd7\x89{\xc67\x9b\xab8Y\xaf\x9d\xa8\x89\xd3\x98"G\x11\xab:u\x02u\x84\xc2l\'f[sr\xba|\xaauYK\xec\x17\x9d&lt;\x0e\xa2\xb6\xf3\xfa\x1a\\\xfcV\xb6q\xf5W\x9fGWMc\x9f\xc8\xe9:\x13eYo\x8bd\xd5\x1a#\x1e\xce&amp;g9\x9b\x8fU\x1d\xce^}\x1d\x06\xed\xfc\x9d\xa8\xd3\xa5G7\xa7N\x8f;\xa1K2\xbd;\xb1E\x1aU\xab&gt;\xdczT\x92\xca\xe5\r\xece\xab\xce\x99-\xd3\xe6*\x9b\xf1f\xe9\xe7\xc3\xad9\xbah\xeb\xf1:\xb0\xbe+9wr6\xb74j\xe5\xee\x9e\x1bCy\x9e\xee\x17\xd1\x92\x91}h\xc7\xab6\xc9z,\x9cQl\xcdz1vq\xe6\xd9\x85nM\xb7B\xb4*\xe8\x0cN\x94\xe8\xc42)\xbar\xe7\x8d[\xd0\xcefk6\xf1uh\xea\xf2\xbb\xb2\xf8\xb3*4^a-T\xbeL\xda2\x01\xd4\xe65\x89\xbe\x1d\xcd\x99\xadu\xdb\x8d\xda\xa2\xb3\x96\xed\xb9\xab\xd1\x83w\x9fd\xe5\xeb\xf2\xf9\xcd\xf9\x9e\xbd\x8f\x89\x9c\x7f3\xf4\x8eM\xb5\xd7/C\x87e\x18\xb5\xd3b\xde\xc4\xeaF\x19g\xe3\xf5\xb8\x9a\xb9\xf5J\xd1\xd2\x949S5\xd6\xf4\x1c\x0e\x9e\x1b\xba\x98Z\x9c}\x07\xed\x88\x9d\x14F\x94j\xc9\x9fLX\xb1\x15g+/CwA:\xb5st\xa1\xaa\xe2\xec\xca\xeah\xe9\xe3\x8e~\xcej\xe93\x16\xbc/Bw\xf3\xf4B\xf3N,]\x0e6\xe7y\xed\xd7f\xd9|:\x05\xbe\xf9u,\xcb\xab\tT\xd6+N\x1e\xc4i\xca\x8a\xf4t4\xe7\x9a\xf3_JN}\x98r\xf5Q\xd3\xcf\x83?Av&gt;s5%\xe8ST\x98Y}8\xd5\ttx\xd4\xc1\xa3\x1d:\xbc\x8d[1})|\xbe\xa7&gt;\xcb\xc5\xe6\x0e\xf8\xf6\xe1\xb2\xb4\x01\xd0\xe7\xca\x1cU}\xb6a\x9a\xdbe\x00kU)\t\xf2\x19\xb2\xce\xcbrz&lt;:Wf\x8e\xa5V\xb7\xa3\x81\x9a\xb2\xd3\x91\xda.Ym\xa0\xaa\xfcQ\xbb\x87E\xaf\xe2\x1e\xc6\xac\x9e+\x93\xf4\x9e7I\xf9\xbc\x9a\xbdL\xac\xe2z\x9d+\x81\x97w.y=\xbd\x96J\xb4e\xde\xa5j\xd5\xcb^\xa4\xcdog\x98\xed\x14j\'2\xf5\xe2\xd3~\'c\x9b\xbf4kT\xec\x7f\'\xab\x8bE\xb8\xd6\xbc\xef\xa2\xcd|\xb7\xc6B;\xd9wp\xfc\xb9\xd8E\xb1\xe7\xef\xee&gt;1]\xb6s\x16X\xd1N\xab\xaf\x99\xb9j\xc9\xd6\xb3Qz61\x987\x99\x97\xa5\x15\xce\x9eLt9\x9c\xeeOc\xce\xf2\xba\x1d\x0e\x87\x9d\xef\xab13~\x9e\xac9\x96\xeaZY\xbe}\x97\xdfpn\xa7\x0e\r^\xcaGZr\xb3#\x9d\t\xd5\x9bVl\xda3\xf4y\xa0\x16\xd3\xff\xc4\x00/\x10\x00\x02\x02\x01\x03\x04\x02\x02\x01\x05\x00\x01\x05\x00\x00\x00\x01\x02\x00\x03\x11\x04\x10\x12\x13 !1"02A#\x05\x143@B$4CDP`\xff\xda\x00\x08\x01\x01\x00\x01\x05\x02\xff\x00g&gt;\x7f\xfc\xb18\x99\xf0\x1a\x06\x84\xf8\x9c\xa7!\x0b\xc0r&gt;\xc03:M\x8f\xfe\x9f\x96\x00o\x9f\xd4N\x00l\x9f\xb9\xbcvc\xb8\x1cL\xc0\xf3 \xfdU\x8e+`\xf0\xff\x00\x97\xfb\x04\xe3|\xfdY\x84f\x00\x16\x1c\x81\xf4\x9f_\xf4\x18\t\x98\t\xe5\xf4\xb7\xa0\xd1\x8ew\\Brs\xc6\x12Oz\x9c\x1e\xe0\xa5\xa1\x18\xd9l\x8dg\xfbJ\xc4\xc6`\x03^C\x7fq\x14\x86\x1d\xec~9\x83\xd2\xfeE\x8b1\x8a~]\xef\x16\x19\xf2X\x83\x8bw\r\xb33\xfe\x82\xfb\xec\xa2\xb0\xc3\xc2\x8b\x9f\x94\xc1\xfa\xf3\x01\x84\xcc\xf7r\x1fCx\x1c\x98\xc4\',\xf9Qq\xaa\xd5|\xf7\xb2\xe6\n\xc0\xd9\xe7,\x0eR\xbf\x95\xbd\xe4\x8028\x1f\xf1\x85\x02\x00\x07q\xf2{k!Y\xc8f\xd9}\xa8\x18]8\x8e\xb5\x86&amp;\xb1&gt;&amp;2\x0c\x00O\xd0\xb6aM\x84\xcd8Y\xeeYNG\xd0Oh;\x13\x89\xcf\xc0\xbar\x8bg\x90s\xb98\x81\xbc\x96\x83\xe4\xae:e[\xe3\xcc\x06\xb1\xb24\x7f*\x14\xe0g30w:\xf2\x0c\x8e FiZp\x1d\xec\x0eG\x87\x03\x94S\xc9v&gt;\'/\xba\xac\x97\xae\xe1kj\x1b\x17\x1b%O\xc8\x9eACq\x1b\xa9\xc8\xed\x07\x04^0o\\\x13\x93\t\xc4\x07;r\x9c\xa6a=\xdc\xa6`\x87\xc1\xcc\x06\x03\xf2\r\xe3\x9fc\x1c\x0b\xea\x16F[\x126\x9a\xc0\x12\x8b\x1d\x87\xc4m\x98\xad3\xfe\x8b\x038\r\xcbN]\x82z\xd8"\xf1\xe9\xf9u\xe2{K\xfc+1\x02\x95\x0c\x017@\xf9$\xe7\xb1=}-\xea\x19\xcc\xc0\xdbga\xb98\x85\xa3m\xceg\xb330\x1d\x89\xc4\xe5\xe0\xb4\x06-\x80\xc3\x8e\xcf\xd4V\x9c\xe2\xed\xc8\xe47\xfa\r\xd9\xc4\xc3\xe3\x7f\x0b\t\xcc\xb7\xbf\xf1\x88f\xb5|W\x85\x14\xe7=\x88|\xed]9U\xa5%\xf5\x85\xda\xaa\xf9\xc0\x88\xb2\xca\xd1\x83\xb6\xd9\xcc\xcc\xce\xd9\x9c\xa6`\'\x1c\xe3\x18\x0c&amp;\x1e\xcc\xc0v\x1br\xc4\x1ev3;\x0f}\xfc\xfc\xf3\xdc7\xdc\xfe\xb7\xf4\x17q\x15\xcey\x05\x8c\xd9\xef\x063B\xc4\xfd\nr \x1cRj\x06Ri\xce*w\xcc\xb6\xce \xb6v0\xcc\xcc\xcc\xedZ\x02\xa0\xd4M\x95\xadlJC\x89\x9d\xb333\xb830\x98b\xb1S\xc84&gt;\xe7\xe8\x18\x0ec\x1cNS\x9c-\xe33\xd1\xd8\x7f\xa0}\xec&lt;\x93\xe4\xef\x9f\x1d\x95\xaf&amp;sZ\xd7\xd6\x1003\x8eO\xd2\x9b\xae\xa0`2\xe2\xeb9\x18\x18\x81,\xfc\xb60\xed\x99\x99P\xe6\xec\xdc\x99\x13\x8aZ\xddGpT\xecv\x1b\r\xbfY\x99\xdf&gt;;K\xee\xd6\xe1)\xe2\xba\x8dE\x9dKQ\xa3\x81\x84\xf5\xb2\x1f?[z\xdc\x1c}Y\x02\xb09!\xad\x03#\xa2B~\xb5\xf5\xdcLv\xc9\x85\xa1\x87k\xe9j`\x95|{.r\xfd\x86\x0f{\t\xcaf\x03\xb6fw=\x82V9\xb2\xfe\x03\x18\xb6\xb5\xb2\xa0fs\x10\xee\x17\xeb\xe5\x18\xe7\xb1hf\xaf\xea\x1e\x0e\xa1y\xa7\x13\x8f\xa8\x0f\xa1\xa3\xfb&gt;\xa1\x94"\x15EE\xb1\x95]n\xaf\xa2\xf9\xdf0\xb4\xcf`\xf5\xb8\xee\xff\x00\x9cA\x06\x9d-\x0f\xa2\xb5Wdb\xacnb/\xb1wX\x97\xc7A\xc31[\xc7\xd4\xdb\xe0\xe2R\xc1#\x9c\xb7i\xff\x00@}6\x8c\x89`\xe2vG(\\*\x05ak\xbb3\xbdU\xf5\x08\xc53Xsy=\xa0}J\t\x81\xf8\x9a\x9d\xac\xaa\xeb\x85F\xad_\xc3S\xadk\x06\xc3}5]H\xf4t\x9fm\x1d\x9f\xca~-[A\xdeQ\x82\xec\xde\xf6\x16\xe0.\xc7\xdc\xae\xb2\xe6\xea\x1a\xb8\x16\x01\x18|\x9e\x8e5\xf7\xe7\xbc}&amp;b^v0Ft\xe6\x8e\x1e^\xe1\xee\xad\xcaF\xac1\xbc\x8f\xed\xfb\x00\xd8LB!\xec\\r\xa2\xba\x9c3%JW\xa8\xf4\x13\xc3R\x8e\xb6\xf6\x01114\xb5\xd7\xce\xf3]\x8b`ey\xa6\xa3\x89-\xc9\x97\xdaz\xed\xe9\x9e98\xd8\xaeA`\x0c\x03r&lt;\xca\xdd@\xb2\xceCf\xf0Z\xec\xaf\xda;\x0b\x00\x7f\xba^\xadv\x07\xee\xb5yC\xb1\xed\xb2\xf2\xc3\xb0n\xbb\xb7e\x14\x9bH\xb7\xe7\xa8p\xcdEMc\xe1Q5\xaf\xce\xfe\xc5\xd9\x97\x02\xab\rc&gt;3\xb2\x1e-z\x81h\x8a{\xb3\xb2e\xcf\xc5C\xa3\x89h\x9a./\x1dx\xb6\xd8;t\xbf\x8e-l\xf0\xe4\x16\xfa\x87\xd3\xae\xab0\x04\x9f 4\xcc^\xa7|D9]\x88\xcc\xba\xbe%\x06^\xca\x18\x17\x07b\x0c=\xc0\x13\x17Oc\x06\xa2\xc5\x98\xc4;\xe2q3GB\x94\xb2\xd6\xe1Y \xe9\xc9\xe2\x8c*\x16^\x1a\xb3\xe4\xe2bq\x80cu\xf9V\xaaX\x1e\xc79\x02!\x8a{\xac8C\xfe*\xfcWm\xa0\x0b\xec6&amp;\x9d\xc2:\xa1\xba\x10A\x19\xdb\x946\x16\xd9-\xe2\x1c\xf2i\xc6q\x87s\xb6&gt;\xa6n,\xf5\xf2\x18nJJ\xcd6\xa7\xe4k.@\xc0\xd8\xfa\xb4\x12\xaa\x01j\xeeA\xa6l\xf3\x96y\x16|\x96\x1d\xeb^oR\x04\x816\xd4P,\x84`\xf6s\xc5Z^\\\x1e\xba\x96]w\x04\xe4y\xdbg?\xa1L\x0eC9G\x87\x7f\xd4O]\xd7\x0c\xd5]\xdd)\xaa\xd4\xb2\xd6y\xbb\xb8\xe9\xb5\xd5q5\xd9\xc8X\xd1\xdb\x92\x0b\x04kC@\xd91W2\xea\x8d\x7f\xe9\xa8\x0b/\xb3\x82U\xa9\xa4&amp;\xa9\x96\xdb\xb4\xdao&lt;\x98[\xb9\xda\xe5^,\xe4\xb0\xdc\x12!#z|J\xb1\xd4M\xcc\xd6\xfe}\x8b\r\x8f\x85\x06\xcb-~v}#c\xba\xf8\x00Ly\x03\xe8\xd4R\xa58L\x07NC\x92~5\xfaa\x90\x15\x84\xe8\xc20\xc4`\xcf\x83\x8bm\xe4\xbfv;n\xab\xaa+\xd21j\xf4\xf5\xa6\xcc\x8a\xdd\xa6j8\xf1\xed\xc4\xc6\xc7&lt;t\x83\x08,P\x7f@:\x95LMc\x0e}\x83\xd4\xb3\x1c\x0f\xd2;\x0c\x1e\xa0\x82/\xe3\xde\xde\x98\x7f#|\r\xd5\xf2\xac\x16u\xc8\xd9\xc6g\xfc\xff\x00\xd0\xf9!\x18?x\xda\xedE\x81\xeb\xb5\xd0Sz\xd8`9\xed&gt;;\x1b\xd3\x1c\x9e\xe3\xb0\x95\xb7\x19u\x05\xdd\x08Ug\xc0\xe5\xe6\xd3\xd4~\xc5;\xb0\x84v\x01\x93\x8f\x18\xf3\x88\xa3\xc7\x19\x8d\xb1\x90\x06"\xc1\x04\x1f\x8f\x7f,\x16A\x14u\x17\x89\x8a1c\x01\x88=\xff\x00\xed\xb2yQ\xd9Zs7\xd5\xd2o\xa0vx\x07\xfa\x80&lt;\x16\xdf4\xd8\xb5\xd9k\xf8\xa4\x10\x9b\x8f&amp;\xcf\xcd\x86\x13c-\xc7S=\x82\x1d\xc0\x80@\xec \xd4\x80\x1bQ\xce\x13\x9d\xb8\xc1\xef\x8c\xc4\x15\xb4\xf5\xb1\x19\xedC\x07\xe1\xe9\x80\xc1\x8a\x0e\xe7a\xe87\x95\x80\xc1\xeb\xbb\'o\xdb\x12K\xe0\x96\x18;\x06\xc4\x07*\xc7\x04{\xd4\xba&gt;\xc8\xfce\x8f\xcc\xfd\x03\xb0(\xce\xad\x93\x81M8\xad)6\xc6&amp;\xa0\x0eF\xe9\xf9\xd9\xf9\xd9\xe4l\xc4G\xc7.\xe1\xec/c\xc1\xddR\xe0K\x97\xe3\xb1\xf6\xdb\xe7\xc1&gt;g\x93\x14v\x05,k\xd3\xa5k\xfa \x11\x7f\xc0V\xc5\x9f&gt;~\xa3\xdc\xc7\x91\xa5j!\xc7\x17\xfb\xc4\xd5\xe9\xcd\x92\x9d\x08\xc2V\xb5\xab\xa0x\x06\x06\xdf\xa8\xe44\'\x02\\\xfc\x14\xf9\xfa\x15{I\x80A\xe3\xb7\xfb;\x81\xebjhD\xd6Uoi\x13\x11Vq\xdb\xf4&lt;vi\x19\x11\xbc\xf1m@\xe75M\xfct\xff\x00\x90}geR\xc4\x8c\x1d\xdc\xab\x1f\xb8\x19\xfb\x1e&amp;`\x87\xb5}\x91\x83\x159\xb1\x18k\xc1%\xc6;1\xe0\x8cA\xecE\xed\xc4\x19\xed\xd3\x80\xd6\xea[\x02\xa1\x8d.\xa8\x7f6\xc7a\x08\xcc\xe2f\x0cQ?}\x8ax\x95\xbc\x10\xd4|\xec\xb4\t\xcb\x98J\xc8p\xbfB\xd8:gs\x15\xb8\x92ra\x99\xfbs33\xb0\xdc\x1cN]\xc0\x86\x04O0\xf8\x8cr\\d\x149)\xf1\xdb\x19\x88 LB1\xda\x06f\x08\x98\xd9D&gt;\xf4\xe3\x84j\xcd\x95\xb1\xcc\xb5\xb9\xbc}\xd7|\xc3\x07i\xd8\x0f\x1cq\x12W\xf7T\xaaM\xaa\x15\xfbP\xe1\xae\xb3\x9f\xda;s\x01\xec\x1d\x96\x0f\x97\xa1\x1b\xd0\xf6\xa2co&amp;q\xf1\xb0\xf6\xc3\x11W\x1by\xc8]\xab\xac\x16\xad\xf3(f/\x7f\xc6\xbd\x8f\x99\xc7a\xdd\x9f\xa1b\x98&gt;\xcf\xdb\xb1\xa8\xe7\xcf!\x01\xcf~;\x0fp\x04\xcf]\xb9\x8b\xd86\xf3\x963\x19\x87\xc9;2yOS\x8c\x03\x1b0\xc8\x08r\xcb\x88\x80\xe7\xb4\x1f\xe3\xa4|\x15\xf8#\xf6\x91\x15D\xc4\x7f\xa0\xc1\x0e\xc3d?Y\xf4,\xe0\xeeH\xb3\x00\xc4N\xa4\x08W\xeb;\xfb\x9d\x07\x9d3\x95\xa9\xc1\x14\xe6=5\xaalI\x82\x03\xe5\x9as\xf3\xb3D9\x8cW,yLB&amp;!\\\xed\xc7\xbb\x1d\xe0rd`V\xff\x00\x16\x13\xe3\xb4l\xde\xfb\xcf\xa1\x0e\xeb\x13\x1fa\x00\xcc\x05C\x88\xc8\x9d\x7fp\x8f\xb3\xa4\xf8\x94y\x8d\xf1\x1c\x8c\x16\xb4gg;7\xaf\xdf\xeb\xf6\xbe\xf6#0\x9cl\xbeX\xac`8\xe2\x01\xe7\x8c=\xa3c\xd8!\x9e\xa0\xf8\xc7\xf3\xde6\xc4"c\x1d\xb9\x99\x8d\xe7q\x04Q\x9f\xb1\xdb\x8cG1-\xe3,|\xca\xf9F\xcf\xd1\x9d\xab(%i\x82\xf6\x04\x00\x17j\xdb\x12\xe5~=\xdf\xafq}$\x1b\xb6\xc1L\'\x11|\x88=\xed\x8e\xc1\xb1\xec\x10\xfdK\xba\xd6\xcc\xb4!x4\xc0\x0bt\xca\xc2\xc5(\xf0\xecv\x06\x08%_c.g\x1a\x95GG\xab\xd6@\xb6rh}w\x9d\xa8^3\xab\xceY\xe4\xaesU+Zj\x88\t\xdag\xee/\xa0&lt;\xf6\xb4\xc7\x93\xf8A\xbbz\xec=\xe5|\x85\xf0F&gt;\xae\xa1\x14S\x8129j\xedj\xaa\xfe\xa6\x80\xecv;\x03\x01\x8b\xed1\x8f\xad\xf2\xca\xe9\x81\xc7\xe2}}\x06*\x96"\xbe\x9c\xb9\xfc\x86\xc2p\xad\x06\x9c\x0c\xbb\xf1[\xd8\xb1\xee\xff\x00\xa5\x1e\x10E\\w\x98}v1\xd8n{G\xae\xc3\xef\xb4cq\xc4\xd0\xb6\xe3S}\xbd+-\xbf\xa4u\x17\x9b\x9e\x1d\xbf{W\xf9/\xe5X\xc7\xdb\x8f\x92\x93\xd3o_\xb8{\x8c\xd2\xbfN++;\xd0A\x154\xe2\xb5\x83\xa8h\x1b\nNOp\x19\x80}g\xb0\xee7\xc7g\xeb|\x18}v\xd0\x9dK4\xb4s&amp;\x94\xc6\xaa\x9e\x93=b\xc5a\xa8\xb2\x9a\xa9z\x8c\t\x90S\x8c0\xefG\x9bG\xe6=w\xb3\xaa\xcek\x9e\xc0\x00\x04\xe69\xf1\xf4g\xe3R\x9c\xf2\x02\x1by5\xad\x96\x84\xfd\x02j\xac\xba\xb1\xc3R[\xfbwV\xd3\xd8\xe4v\r\xcfa\xd8v&gt;\x07p\x194P\x95\x8f\x13U\xa7W\xee\xa5~Z;0\xfdo\x8d\xcfX\xafl\x18\x06K6Y\xdf.\x14&lt;j\xd7\x9d\x88\x02\xcd\x10\xfej\xcf\x95l\xfd\x1aC\xcb[\xa7\xc2\x1a\\\xb0\xec&gt;\x06\xe2\x11\xb1\xd8\x8d\xc4_\x8a\xfdM\xa9\xb5/\x16\xf2\x98\xf3]\xc9c\xeb^\xea\xaa_+\xb8\xed;\xe2\r\x80\xce\xd8\x851\x08\xec\xd3\xff\x00\x96\xb7V-\xcc3\xf2\xc5\xbe,\x1b\xae\xd8\xf3hf\xb2T\x14\xbe\x8e\x90e\xabR\xa5\xc0\xd3f\xd5\xfcb\xd5\xf3\xb2\xcer\xb2\xc9\xa7\xd6\x11R\'\xba\xfc}\x15\x83C\xf3\xb7\xac\x88\x10v\xb7\xbe\xc3\x0e\xe4mPX\xed\xc8\xf7Y\xa8\xad!\xd57*n[`\x8f\xa3\xb5\xafZx+\x1f5\xe9\xc5m\x9eJ\xa3\x03\xee\xcf\xc7\xc9\x8b\xe0\xe6;l6\xa0@B\x90s\x1b\x92\xbb{\xfa\x10\x80\xdak\xd5mmb\xcb,69\xf5:\xa4\n\xee\xe3\xb2X\xe9/\xff\x00\x15c\x11\x07j-\x97\xeaY\x1f\xfb\xab\xaa4\xef\x86e\xb0t\xdb\xe9\x03&amp;\xc4\xe31\xb9\xf73\xdd}}Z\xd6\xba\xe9\x19\x83\x87COj\xdfX\x1b`\x19\xc1~\x83\xda?/\xda\xf6\x90\xf0)\x83c\x18\xb4\xd3\xb9j\xe9\xd4\xab\xab\xea\xd6;rhv\x1d\xdc\xa19\x84\xcb&gt;+\xb7\xe8\x8d\xb5\x1f\xe5E\xf2\x9e\xb7|\xcf\xe9\xc7\x9e\xaf\xc0\xd5\xff\x00T,u57%&gt;\xab-]G67c\xfa\xde\x94\x0c\xc9\x83\x1b\x19\x1f\x1b\xac\xfc\xe3w\xff\x00Q\x1et\xaex~\xaf\x16\x9bt\x8d\xfc\x1f\x8e\xc7\xc4mM*j\xd6\xd3c\xfdlq\xb5\xbe\xfb111\x06\xc0G\x1eK\xf4\xb4\xf4i\xf8U\xa8@\x0e\xc7a\xef\xb0\xfa\x86R\x9dKnnV\xfe\xa5\xeb\xc1\xa6\x98\x0e\xa6Ij\xd7\xc7e\xc8])q\xa4\xbb[\xa8\x1dk\xddu\x96\x01\x81\xbbv7`8\x9dh\xf7y\xf3\xbb\xf7\xea)\xeb-4-@\xaeb\xa4Q\x88\xbe\xf5\x17\n+kj\xd4\xd0\xa8\x89\x02%\x8f]\x88,\xde\xc7\xe2\x16\xa6h*\xe1\xb8\x96x\x96|\xab\x9e\xeb\x03\'\xfe\xc9\xc4\xcc\r\xd9\x89\xfa\xbdx\xc4\x03\xfb\x9b[\x8a\x0f\x15\xf6\xa4\'\x10\xb4\x1ea\x8b\xb2\x8e\x86\x9aZ\x9d\x1ah\xe0\x85\x98\xb3\x08O\xc2\xa5\xc9\x1fb\x98\xcd\xfc\x9b\x9f3\xc7h$C\x99Z\xaa\xcb\xf8\x89k\x0eM\xe20\xc2w\x81\x00\xdb\xfa\x825\x9am6\x9a\xd5\xad\xa6\x8a\xa3E\x9cGS{\xbd\xacRcc{\x0f\x94\xf3D\x11~#\xfes\xba\xb6\xc7jq\xce\xd2T#\xbf_&lt;\xd6\xc1\xcac\x10\xee`\xfc\xd4\x93\xb7\xe8\xf9k~5\xe9\xeb\xeaY\xa9\xb3\xa9mM\xd3{\x1c\xd8\xfb\xf1\x88&lt;}\x8a\xc3\x9e\x9b&amp;g#k\xac\xe9\r-\xaaS\x88\x98\x11\x84P\tUXB\x86?\x91\xc1*\xbe+^MvY\xb1\xe3ln"\xf6\x9f0\x01\xb6w\xb4rM-\xb9K\x03\x84\xdc\xfb\xaf\xf1\xec\x03\xe3Y\xa7\x8f\xb8|D&amp;\x1d\xed\xb2QP:\xabW\x8e\xce3\t\xdb\x87\xf1Xx\x10\xed\xc4\x12&amp;OQ\xfc\x15\x97\xfc\xecv\xe9\xe9\xbb\x00\x8b\xec\x0c\xc5\x18\x1f_/\x17\x1cM0\xc5\x0bg\xf3\x03\x9d\xae\xac\xe3\xfar\xff\x00\xe4\xef\x88\xc6\x05\xf0|\xc5&lt;^\xec\xf3$\x98\xbf*\xcb\x86`0\xb8\xfa39y\x99\x85\xf7\x10,N9O\x95cv_+\xd9a\x08\xac\xfc\xc8\xad\x89\xd3\xdeL\x0e\x8b\x19\xcb\x10v\xa4f\xcb\xf0\xd6T\xbc.\xbb\xf3\xc9\x9ea\x18\x95\x8f\x95\xb6\xad!\xb4\xf5\xea\xb4\xeb\xe6\xac\x7f\x1eqf\xa2\xdeu\xdbwDc\xcb1b\xa33\x86a\x80@\x9e\x15|\x8f\xb4\xb7\x86\xff\x00\x1dm\x9amP\xae\x83\x8a\xc30\xb5\xeb\xf9y\xdf\xc6I\xf0f0m\xf2z\x7f\x0c\xe2hxe\xdb\x9b}\x07\xd3\xa9\x84\xe3e\x19o{\xbeHQ\xc4u8\xd47&amp;!\x00\xb0\xdb\x8c\xbd9U\xfbj\xb8\xae\x918\xc0i\xc9\x180A\x90}\x91\xf37{\x8a\xbf\xc7h\n\x83\xf2\xd7\xe9\xc9\x7f\xe9g\x82\x0fJX\xe9:\x805`5B\xa5\xb2\xcb\x1f\xf8`\x98\xe5\x19|\xd6\xbe@\xf1\xf6\xd9\xe0\xd4\xa7\xfb\xabNQ\x1f\xe4W\xabRy3\x94o\xfdyo\xfcr@xg\xb5\xac\x12\xd1\xc7\xca+d^q*\xae\xb3\x1d\n\x11\xbeb\xaf)j\x85\xdf\xfe\xb2\x1a\x15\xf9\xb0\x0c+\x1e\x0f\x83\xb7\xeb?\x18\x0c\x0ey\x9f\xc6\x94k\r\xc3\x89S\x907P\x9c\x9a\xba\xb2\xc7\x9b.\x1be\xf260B3\xb3\xff\x00\x8bV\xdc\x99NQ\x8c\x7f5\xa0\x11\x17\xa4\x94\xa8\xe4?\x04\x9a\x8f\xc3\x18\x8a\xb0E\x1fp\xf38\x15\x97(V\xa4\xe1mn\x13H\xa6\xe7\x1aB\x17\xa4\xf5l\x1ci\xac\xfe\x9d\xe5uV\x96\xbf\x8b\xa5\x8b\x99\xc4\xac|,\x1e\xe7\x15y\xfa\xcf\xc7R\xfc\x9fE\xc77\xbfR\xc9\x986\xa5\xb1,~e\x17=\x96d\xcfAN"\xf9\xed"S\x8c\xb8\x01\xff\x00\xe7L\xfc\x0e\xa9\xa5*\xcc\x83\xf1l\xe7lD\x18\x13\xc7?]\xe0\xcdN\x1af~\xb3\xf3\xf3\x1c\xe6\x8a\xbf\xcc?\xc4\x9f\x9b\xfe^\xe0\x87\xe2-[\x05\x9dF]\x1d\x16\xf5k\xdcy\x9d(F;W\xf3g\xff\x00\xc8\xbf\xe4]x%\xdf\x8fM2\xecD\x1cK?\xc9\xf5 \xad\xbf\xd4\x87\x87\xb9t\xfad\xae\xfa\xe1\xd1j\xaf\x14\xd8\xd1\x8eZ\xd2\\7\x84/\x8a\xe0%B\x063P3*\xbd\x95s\x91{3&amp;\x93\x97J\x0flF\xd5\xfe6\r\xcf\xe5\xff\x00h2\x16\x0f;:\xe2\t\x89\xff\x00O\x14\xe4~\xdd\xf9\x13\xf0\xa7\xf4=\xcaH1\\4\xe43c\xb2\xb9 \xdfq%\x8b\xa8b1\xbf\x1f\x8a\xaeY\x07\xcbR\xa6z\x11\xbe@\xb6\x1e\xc1\xc5i\x1f\xc8\x06k\x1eI8\x9e\xa0 K\x10\xb1\xb1z\xaa\xb6(\xa3\x95\x82\xfd\xe9\xfc\xbdByn6Gg\xb1\xf8\x89W\xf2&gt;\xb4\xf1&gt;\xb4\xbf\xda \xa6\xdaz\xad\xa5\xb2\xc7\xb0\xe9\x91\xb5\x00\t\xfd\\\x05\x9f\xd4\x1c\x0bt\xdak\x08C\xa8\xa6\xbb^\xfb\xaca\xd2\xa4f\x13\x9d/X_ByW\x1c\x9b[\xcb\x86\x9a\xd5W\xd5\x80\x06\x9e\xecUV\x1a\xe6=A\xa6\x0c\xb5\xf0\xcc\xb3+\x14\x82C\x18\xfc\xb6O\x9c\xe2r\xf0\x1e%\xfcC\xfc\xb6-y\x16\x98\xbe\xa1\xaf\x8b\xb61\xa6\x197)\xad\xab\xf3ql\xbd\xbe#\xbe\x07W\x88\xd3\x83\xc9\x0fL\xd0\xc8W\x8c\xac\x7f nC\xf2\x94\\L-\xc6\x08\xd6\x1c\xb3\xe0\xd7\xec\xe7\x95\xd4\x1ac\x01\x83\xf1&lt;g\xe4\xbf\x8a~\x97\xd0\xf8\xc1\xf1\x1cmk\x8e,K\xec\xb2X\xf5\xe1\x1b\xa5\xa5\xa0\x01\x19qcT\x02\xd1\x0f\xbb\x9b\xce\xc7\xe2\x18\x00T|\x1f/]|kMOM\x99t\xa8\xd4\xdc1Q\xb2\xfb\x94\xea\xba6\xaeA\xd5k\x12\x90\xe85\xa8t\xd4\xcdJ\xdfJ6\xa2\xd7}\x1aV\x95\xeb-\xc3\x1f\xea@5VB\x07I\xfc&gt;\xa1\xf8\x00[/\x80|\x14f"\xee\xa3\x11\xa3\xac\xd8\xfc"\xd8\x12\x066\xdb\xd2a8\xae\x0f\x8d\xb8\xe0\xf5e\x9f%f\xf8\'\xf2\x94\x01`\x8e3\x10m\xcf\xcb\xf1[\x17\xc3\xea\x0f\xf3Q\xfe`|\xf3 \xabV\xd5\xd7b\xe1Krv\xe5p(,\xaf\xca\xd5\xf9\xaf\xf99E\x1cc\xb4\x0ce\xcc\xaa:|\xc1H\xff\x00\x02\xb6sB\x93\x13\x8f\x81\xea\xd1\xc5&lt;\xf1$\x082\xad\xcd\x96\xd4\xe2\xe9i3Ui\xc5nU4\x8d\xcbT\xbe%\xd1\xcf\xf1i\xe3\x0c\x8e\x9e\x13l\x98\xdf\xe4\x06/\xf98\x08\xec\xa8Qk\rz\x14\xa7S\xaa\xc3j\xdc;T\xa3\xa5\xa1\xaa\xbb\r\xb4\xa3\xa5\x85\xfa\x8aDz+\xb1\x05*\x89\xacU-j,Z8\x82\x98\xaf\xff\x00\x8fs\x05co7o\x84\xa9\xca\xd8t\xb6\xba\x00)].\xa6\xa4\xd2\xe9\xaf:\x95\xb1?\x86\xba\\9\xcd\x90y.\xbevQ\x99mm\t\xc0\xa1xV\x04\xf4,\xf4"\xe1\xa5\x83\x85\xb6\x99a\xc5\xda\xaf\xce\xaf\xc84wV\xb0\xc5$Xn\xf2\xb6"\x85&lt;\xe5c3\xf4\xc7\x0f\xc6c3\xa7\xe3\xd4\xff\x003/\xc5U\xb2l*Q?\xc2?\x12\x01\x96a\x14q\xb4\xb5G\x93E\xf1\x03\x96\r\x80\x80\x19\xaf\xff\x00\x1b\x13eM\xa5\xb5\x1d\x1e\xbe\xbbX\xfci&lt;\xc5\xbf\x85?\x86@\x96?-\xc4~X\xa8\x9c\xa8\x02\xc7l\xc2\x1d\x92\xea\xe3\x17\x11\x94V\x16\x91\x85P\x13PM\x0bN\xa9\xcdtj\xdf\xabQ\xb3\x89\xb0q\xb0\xb1\x87\xaa\xf6V\nE \x87\xe7X-\xfc\x17\x15\xe9i\xa9\xb9\x8e\xb6\xb7\xa69\x19K\xb8\xa5\x9f\xca\xdaZ\x8d\x8e\x95-hZ1V\x94\x9e-\x9c\x00\xc3\x1c`\x12\xace\xf8\x98\xdavW\x99+\x16\xf0\xccZ3\xca-\n\xd6\x1e\xa2\xb7\x91u\xb9MW\xa5c\x8ca\x18\x1b\r\x8aV\x02K\xf2&amp;c\x12\x92\xd9S\t\xf8\xf2\x07T\xc0\x88T\x90/\x1c\x03d\x81\xc6+\xe5\x81\xc9c\xe1[}q\xc5+g\x95\xb9\xd4\xdb\xc5\x91\x8f&amp;P2Nb\xd0e\x8c\xddE\xf0.\xd4s5\xa2\xcd2!\xa0\'\x06\xb5\x8e\x0bt\xd0\xab\x11\xdcNwS\xc1e\xb5\x8b\x02)\x13QgJ\x94\xbb\xaf*\xa8$\xe8(\x88\xbcGv\xbe\x924\xdf\xd3\xd9\xb5w\xc2\x01\x17\x7fN\xa5\xe6\xabL\xda{t\xfa\x1a\xabQ\xe08\xe4\xa6\xa6\x12\xbf\xc9\xea\xc94\x13+\xab\x89\xed\xb9\x19\xe3\xa3\xe3O\xa5qw\x11\x00\x02t\x938\x8dV\r\xc9\xf1\'\xf8\x15\x8ep\xed]z|+\xd2\xd2\xed/N\xbd5][[F\xaa\xaa\x85\x81\xadH\xb1:m\xa7NPx\x8fW#\xfd\xbcZ\xf8\x1b\xd5\xb2(b\xf8\x8a\x80D\xfc\xb6\xd5\xe9\xff\x00\xb8F\xa9\xaa#\xc8\xa2\xb65\xae\x96\xa1\x05h \x00m\xa8\xd3U|\xd4\x7fM\xe044u\xed\xabMU{sh\x1a3\xe05\x84\xf6\x7f\xff\xc4\x006\x11\x00\x02\x01\x02\x05\x02\x05\x01\x06\x06\x02\x03\x00\x00\x00\x00\x01\x02\x00\x03\x11\x04\x10\x12!1 A\x13"0Q\xf0a#2q\xa1\xb1\xd1\x05\x14\x15R\x81\xe1@\xc1B\x91\xd2\xff\xda\x00\x08\x01\x03\x01\x01?\x01\xf4\xacg\x84`\xa7hi\\\xc1L\x08io\n\xdb\xa6\xdf\xf1\x11u\x1bG]&amp;\xdd5\x1fH\x8bS\xb1\x8bV\xfd4\xd6xb[\xaa\xd1\xd7OG\xd0F\xe7\xd4&amp;x\x80Dk\xf4SMGyQB\xee\xb1)\xdfv\x95)\xa8\x17\x1d\r\xb8\x8al6\x89L\x8c\xc2\x93\x15m\x95%\x04\xef*\xa8Sl\xad\rU\x10U\x07;^\x186\x10\xae\xa8AS\xd3n\x8bKf\xd6\xb6\xf9^%\xed\xbe`\xda\x1d\xe7\x8ba\x19\xef\xd0E\xf6\x81\x0f\x02\x0e7\x96\x81`\x16\xcc5\xa1$\xe4*\xfd\xa6\xf1\xc0w\xbd\xf9\x8b\xa5vSs0\xf7\xb1\xbemK'... (set the log level to DEBUG or TRACE to see the full content) 
 </msg>
<msg time="2026-04-28T18:36:23.669662" level="INFO">POST Response : url=https://petstore.swagger.io/v2/pet/55/uploadImage 
 status=200, reason=OK 
 headers={'Date': 'Tue, 28 Apr 2026 13:06:23 GMT', 'Content-Type': 'application/json', 'Transfer-Encoding': 'chunked', 'Connection': 'keep-alive', 'Access-Control-Allow-Origin': '*', 'Access-Control-Allow-Methods': 'GET, POST, DELETE, PUT', 'Access-Control-Allow-Headers': 'Content-Type, api_key, Authorization', 'Server': 'Jetty(9.2.9.v20150224)'} 
 body={"code":200,"type":"unknown","message":"additionalMetadata: Tomatino's img\nFile uploaded to ./tomatino.jpg, 49575 bytes"} 
 </msg>
<msg time="2026-04-28T18:36:23.670233" level="INFO">${response} = &lt;Response [200]&gt;</msg>
<var>${response}</var>
<arg>petapi</arg>
<arg>/pet/55/uploadImage</arg>
<arg>data=${form_data}</arg>
<arg>files=${file}</arg>
<doc>Sends a POST request on a previously created HTTP Session.</doc>
<status status="PASS" start="2026-04-28T18:36:20.817348" elapsed="2.852958"/>
</kw>
<kw name="Should Be Equal As Integers" owner="BuiltIn">
<msg time="2026-04-28T18:36:23.673039" level="INFO">Argument types are:
&lt;class 'int'&gt;
&lt;class 'str'&gt;</msg>
<arg>${response.status_code}</arg>
<arg>200</arg>
<doc>Fails if objects are unequal after converting them to integers.</doc>
<status status="PASS" start="2026-04-28T18:36:23.671294" elapsed="0.001912"/>
</kw>
<status status="PASS" start="2026-04-28T18:36:20.806013" elapsed="2.868460"/>
</test>
<test id="s1-t6" name="Update pet with form data" line="73">
<kw name="Create Session" owner="RequestsLibrary">
<msg time="2026-04-28T18:36:23.677659" level="INFO">Creating Session using : alias=petapi, url=https://petstore.swagger.io/v2, headers={},                     cookies={}, auth=None, timeout=None, proxies=None, verify=True,                     debug=0 </msg>
<arg>petapi</arg>
<arg>${BASE_URL}</arg>
<arg>verify=True</arg>
<doc>Create Session: create a HTTP session to a server</doc>
<status status="PASS" start="2026-04-28T18:36:23.677201" elapsed="0.000777"/>
</kw>
<kw name="Create Dictionary" owner="BuiltIn">
<msg time="2026-04-28T18:36:23.679821" level="INFO">${form_data} = {'name': 'tomatino', 'status': 'sold'}</msg>
<var>${form_data}</var>
<arg>name=tomatino</arg>
<arg>status=sold</arg>
<doc>Creates and returns a dictionary based on the given ``items``.</doc>
<status status="PASS" start="2026-04-28T18:36:23.678852" elapsed="0.001017"/>
</kw>
<kw name="POST On Session" owner="RequestsLibrary">
<msg time="2026-04-28T18:36:26.267189" level="INFO">POST Request : url=https://petstore.swagger.io/v2/pet/55 
 path_url=/v2/pet/55 
 headers={'User-Agent': 'python-requests/2.32.5', 'Accept-Encoding': 'gzip, deflate', 'Accept': '*/*', 'Connection': 'keep-alive', 'Content-Length': '25', 'Content-Type': 'application/x-www-form-urlencoded'} 
 body=name=tomatino&amp;status=sold 
 </msg>
<msg time="2026-04-28T18:36:26.267659" level="INFO">POST Response : url=https://petstore.swagger.io/v2/pet/55 
 status=200, reason=OK 
 headers={'Date': 'Tue, 28 Apr 2026 13:06:25 GMT', 'Content-Type': 'application/json', 'Transfer-Encoding': 'chunked', 'Connection': 'keep-alive', 'Access-Control-Allow-Origin': '*', 'Access-Control-Allow-Methods': 'GET, POST, DELETE, PUT', 'Access-Control-Allow-Headers': 'Content-Type, api_key, Authorization', 'Server': 'Jetty(9.2.9.v20150224)'} 
 body={"code":200,"type":"unknown","message":"55"} 
 </msg>
<msg time="2026-04-28T18:36:26.268659" level="INFO">${response} = &lt;Response [200]&gt;</msg>
<var>${response}</var>
<arg>petapi</arg>
<arg>/pet/${PET_ID}</arg>
<arg>data=${form_data}</arg>
<doc>Sends a POST request on a previously created HTTP Session.</doc>
<status status="PASS" start="2026-04-28T18:36:23.680317" elapsed="2.588412"/>
</kw>
<kw name="Should Be Equal As Integers" owner="BuiltIn">
<msg time="2026-04-28T18:36:26.273488" level="INFO">Argument types are:
&lt;class 'int'&gt;
&lt;class 'str'&gt;</msg>
<arg>${response.status_code}</arg>
<arg>200</arg>
<doc>Fails if objects are unequal after converting them to integers.</doc>
<status status="PASS" start="2026-04-28T18:36:26.271240" elapsed="0.002452"/>
</kw>
<kw name="Log To Console" owner="BuiltIn">
<arg>${response.json()}</arg>
<doc>Logs the given message to the console.</doc>
<status status="PASS" start="2026-04-28T18:36:26.275504" elapsed="0.002509"/>
</kw>
<doc>Update pet with form data</doc>
<status status="PASS" start="2026-04-28T18:36:23.676003" elapsed="2.602905"/>
</test>
<test id="s1-t7" name="Delete pet" line="82">
<kw name="Create Session" owner="RequestsLibrary">
<msg time="2026-04-28T18:36:26.282238" level="INFO">Creating Session using : alias=petapi, url=https://petstore.swagger.io/v2, headers={},                     cookies={}, auth=None, timeout=None, proxies=None, verify=True,                     debug=0 </msg>
<arg>petapi</arg>
<arg>${BASE_URL}</arg>
<arg>verify=True</arg>
<doc>Create Session: create a HTTP session to a server</doc>
<status status="PASS" start="2026-04-28T18:36:26.281083" elapsed="0.001481"/>
</kw>
<kw name="DELETE On Session" owner="RequestsLibrary">
<msg time="2026-04-28T18:36:29.398977" level="INFO">DELETE Request : url=https://petstore.swagger.io/v2/pet/55 
 path_url=/v2/pet/55 
 headers={'User-Agent': 'python-requests/2.32.5', 'Accept-Encoding': 'gzip, deflate', 'Accept': '*/*', 'Connection': 'keep-alive', 'Content-Length': '0'} 
 body=None 
 </msg>
<msg time="2026-04-28T18:36:29.399085" level="INFO">DELETE Response : url=https://petstore.swagger.io/v2/pet/55 
 status=200, reason=OK 
 headers={'Date': 'Tue, 28 Apr 2026 13:06:28 GMT', 'Content-Type': 'application/json', 'Transfer-Encoding': 'chunked', 'Connection': 'keep-alive', 'Access-Control-Allow-Origin': '*', 'Access-Control-Allow-Methods': 'GET, POST, DELETE, PUT', 'Access-Control-Allow-Headers': 'Content-Type, api_key, Authorization', 'Server': 'Jetty(9.2.9.v20150224)'} 
 body={"code":200,"type":"unknown","message":"55"} 
 </msg>
<msg time="2026-04-28T18:36:29.399219" level="INFO">${response} = &lt;Response [200]&gt;</msg>
<var>${response}</var>
<arg>petapi</arg>
<arg>/pet/${PET_ID}</arg>
<doc>Sends a DELETE request on a previously created HTTP Session.</doc>
<status status="PASS" start="2026-04-28T18:36:26.283601" elapsed="3.115639"/>
</kw>
<kw name="Should Be Equal As Integers" owner="BuiltIn">
<msg time="2026-04-28T18:36:29.400205" level="INFO">Argument types are:
&lt;class 'int'&gt;
&lt;class 'str'&gt;</msg>
<arg>${response.status_code}</arg>
<arg>200</arg>
<doc>Fails if objects are unequal after converting them to integers.</doc>
<status status="PASS" start="2026-04-28T18:36:29.399620" elapsed="0.000638"/>
</kw>
<doc>Delete pet by ID</doc>
<status status="PASS" start="2026-04-28T18:36:26.280363" elapsed="3.120144"/>
</test>
<status status="PASS" start="2026-04-28T18:36:07.480058" elapsed="21.921457"/>
</suite>
<statistics>
<total>
<stat pass="7" fail="0" skip="0">All Tests</stat>
</total>
<tag>
</tag>
<suite>
<stat name="Pet" id="s1" pass="7" fail="0" skip="0">Pet</stat>
</suite>
</statistics>
<errors>
<msg time="2026-04-28T18:36:07.835072" level="WARN">Retrying (RetryAdapter(total=2, connect=None, read=None, redirect=None, status=None)) after connection broken by 'NameResolutionError("HTTPSConnection(host='petstore.swagger.io', port=443): Failed to resolve 'petstore.swagger.io' ([Errno 11001] getaddrinfo failed)")': /v2/pet</msg>
<msg time="2026-04-28T18:36:08.075357" level="WARN">Retrying (RetryAdapter(total=1, connect=None, read=None, redirect=None, status=None)) after connection broken by 'NameResolutionError("HTTPSConnection(host='petstore.swagger.io', port=443): Failed to resolve 'petstore.swagger.io' ([Errno 11001] getaddrinfo failed)")': /v2/pet</msg>
</errors>
</robot>
